<?xml version="1.0" encoding="UTF-8"?>
<!-- Generated by org.testng.reporters.JUnitXMLReporter -->
<testsuite hostname="DESKTOP-C0O15PC" name="Test" tests="2" failures="0" timestamp="20 Sep 2022 08:06:40 GMT" time="54.719" errors="0">
  <testcase name="@BeforeMethod methodsetup" time="0.0" classname="zoomanagementtestng.Zoonormaltestscript2Test">
    <failure type="org.openqa.selenium.ElementClickInterceptedException" message="Element &amp;lt;button id=&amp;quot;form_submit&amp;quot; name=&amp;quot;login&amp;quot; type=&amp;quot;submit&amp;quot;&amp;gt; is not clickable at point (674,508) because another element &amp;lt;div id=&amp;quot;preloader&amp;quot;&amp;gt; obscures it
Build info: version: &amp;apos;4.4.0&amp;apos;, revision: &amp;apos;e5c75ed026a&amp;apos;
System info: host: &amp;apos;DESKTOP-C0O15PC&amp;apos;, ip: &amp;apos;192.168.0.200&amp;apos;, os.name: &amp;apos;Windows 10&amp;apos;, os.arch: &amp;apos;amd64&amp;apos;, os.version: &amp;apos;10.0&amp;apos;, java.version: &amp;apos;1.8.0_202&amp;apos;
Driver info: org.openqa.selenium.firefox.FirefoxDriver
Command: [a4806480-e19a-40c6-bff4-2409fd2f93af, clickElement {id=84f20196-f5be-4319-999c-fe5346248e3d}]
Capabilities {acceptInsecureCerts: true, browserName: firefox, browserVersion: 104.0.2, moz:accessibilityChecks: false, moz:buildID: 20220902153754, moz:debuggerAddress: localhost:55597, moz:geckodriverVersion: 0.31.0, moz:headless: false, moz:platformVersion: 10.0, moz:processID: 16040, moz:profile: C:\Users\Admin\AppData\Loca..., moz:shutdownTimeout: 60000, moz:useNonSpecCompliantPointerOrigin: false, moz:webdriverClick: true, moz:windowless: false, pageLoadStrategy: normal, platformName: WINDOWS, proxy: Proxy(), se:cdp: ws://localhost:55597/devtoo..., se:cdpVersion: 85.0, setWindowRect: true, strictFileInteractability: false, timeouts: {implicit: 0, pageLoad: 300000, script: 30000}, unhandledPromptBehavior: dismiss and notify}
Element: [[FirefoxDriver: firefox on WINDOWS (a4806480-e19a-40c6-bff4-2409fd2f93af)] -&amp;gt; id: form_submit]
Session ID: a4806480-e19a-40c6-bff4-2409fd2f93af">
      <![CDATA[org.openqa.selenium.ElementClickInterceptedException: Element <button id="form_submit" name="login" type="submit"> is not clickable at point (674,508) because another element <div id="preloader"> obscures it
Build info: version: '4.4.0', revision: 'e5c75ed026a'
System info: host: 'DESKTOP-C0O15PC', ip: '192.168.0.200', os.name: 'Windows 10', os.arch: 'amd64', os.version: '10.0', java.version: '1.8.0_202'
Driver info: org.openqa.selenium.firefox.FirefoxDriver
Command: [a4806480-e19a-40c6-bff4-2409fd2f93af, clickElement {id=84f20196-f5be-4319-999c-fe5346248e3d}]
Capabilities {acceptInsecureCerts: true, browserName: firefox, browserVersion: 104.0.2, moz:accessibilityChecks: false, moz:buildID: 20220902153754, moz:debuggerAddress: localhost:55597, moz:geckodriverVersion: 0.31.0, moz:headless: false, moz:platformVersion: 10.0, moz:processID: 16040, moz:profile: C:\Users\Admin\AppData\Loca..., moz:shutdownTimeout: 60000, moz:useNonSpecCompliantPointerOrigin: false, moz:webdriverClick: true, moz:windowless: false, pageLoadStrategy: normal, platformName: WINDOWS, proxy: Proxy(), se:cdp: ws://localhost:55597/devtoo..., se:cdpVersion: 85.0, setWindowRect: true, strictFileInteractability: false, timeouts: {implicit: 0, pageLoad: 300000, script: 30000}, unhandledPromptBehavior: dismiss and notify}
Element: [[FirefoxDriver: firefox on WINDOWS (a4806480-e19a-40c6-bff4-2409fd2f93af)] -> id: form_submit]
Session ID: a4806480-e19a-40c6-bff4-2409fd2f93af
	at org.openqa.selenium.remote.codec.w3c.W3CHttpResponseCodec.createException(W3CHttpResponseCodec.java:200)
	at org.openqa.selenium.remote.codec.w3c.W3CHttpResponseCodec.decode(W3CHttpResponseCodec.java:133)
	at org.openqa.selenium.remote.codec.w3c.W3CHttpResponseCodec.decode(W3CHttpResponseCodec.java:53)
	at org.openqa.selenium.remote.HttpCommandExecutor.execute(HttpCommandExecutor.java:184)
	at org.openqa.selenium.remote.service.DriverCommandExecutor.invokeExecute(DriverCommandExecutor.java:167)
	at org.openqa.selenium.remote.service.DriverCommandExecutor.execute(DriverCommandExecutor.java:142)
	at org.openqa.selenium.remote.RemoteWebDriver.execute(RemoteWebDriver.java:547)
	at org.openqa.selenium.remote.RemoteWebElement.execute(RemoteWebElement.java:257)
	at org.openqa.selenium.remote.RemoteWebElement.click(RemoteWebElement.java:78)
	at org.openqa.selenium.support.pagefactory.internal.LocatingElementHandler.invoke(LocatingElementHandler.java:52)
	at com.sun.proxy.$Proxy15.click(Unknown Source)
	at org.zoomanagementgeneric.loginpage.loginaction(loginpage.java:24)
	at genericutility.BaseTestclass.methodsetup(BaseTestclass.java:75)
... Removed 38 stack frames]]>
    </failure>
  </testcase> <!-- @BeforeMethod methodsetup -->
  <testcase name="@AfterMethod methodteardown" time="0.0" classname="zoomanagementtestng.Zoonormaltestscript2Test">
    <skipped/>
  </testcase> <!-- @AfterMethod methodteardown -->
  <testcase name="@AfterClass classclose" time="0.0" classname="zoomanagementtestng.Zoonormaltestscript2Test">
    <skipped/>
  </testcase> <!-- @AfterClass classclose -->
  <testcase name="updatetheanimals" time="4.339" classname="zoomanagementtestng.Zootestscrpit1Test"/>
  <testcase name="addDetails" time="0.003" classname="zoomanagementtestng.Zoonormaltestscript2Test">
    <skipped/>
  </testcase> <!-- addDetails -->
</testsuite> <!-- Test -->
