<?xml version="1.0" encoding="UTF-8"?>
<testng-results skipped="1" failed="0" total="2" passed="1">
  <reporter-output>
  </reporter-output>
  <suite name="Suite" duration-ms="54719" started-at="2022-09-20T08:05:45Z" finished-at="2022-09-20T08:06:40Z">
    <groups>
    </groups>
    <test name="Test" duration-ms="54719" started-at="2022-09-20T08:05:45Z" finished-at="2022-09-20T08:06:40Z">
      <class name="zoomanagementtestng.Zootestscrpit1Test">
        <test-method status="PASS" signature="opentheapplication()[pri:0, instance:zoomanagementtestng.Zootestscrpit1Test@7920ba90]" name="opentheapplication" is-config="true" duration-ms="20924" started-at="2022-09-20T13:35:46Z" finished-at="2022-09-20T13:36:07Z">
          <reporter-output>
          </reporter-output>
        </test-method> <!-- opentheapplication -->
        <test-method status="PASS" signature="methodsetup()[pri:0, instance:zoomanagementtestng.Zootestscrpit1Test@7920ba90]" name="methodsetup" is-config="true" duration-ms="3106" started-at="2022-09-20T13:36:07Z" finished-at="2022-09-20T13:36:10Z">
          <reporter-output>
          </reporter-output>
        </test-method> <!-- methodsetup -->
        <test-method status="PASS" signature="updatetheanimals()[pri:0, instance:zoomanagementtestng.Zootestscrpit1Test@7920ba90]" name="updatetheanimals" duration-ms="4339" started-at="2022-09-20T13:36:10Z" finished-at="2022-09-20T13:36:14Z">
          <reporter-output>
          </reporter-output>
        </test-method> <!-- updatetheanimals -->
        <test-method status="PASS" signature="methodteardown()[pri:0, instance:zoomanagementtestng.Zootestscrpit1Test@7920ba90]" name="methodteardown" is-config="true" duration-ms="3032" started-at="2022-09-20T13:36:14Z" finished-at="2022-09-20T13:36:17Z">
          <reporter-output>
          </reporter-output>
        </test-method> <!-- methodteardown -->
        <test-method status="PASS" signature="classclose()[pri:0, instance:zoomanagementtestng.Zootestscrpit1Test@7920ba90]" name="classclose" is-config="true" duration-ms="2167" started-at="2022-09-20T13:36:17Z" finished-at="2022-09-20T13:36:20Z">
          <reporter-output>
          </reporter-output>
        </test-method> <!-- classclose -->
      </class> <!-- zoomanagementtestng.Zootestscrpit1Test -->
      <class name="zoomanagementtestng.Zoonormaltestscript2Test">
        <test-method status="PASS" signature="opentheapplication()[pri:0, instance:zoomanagementtestng.Zoonormaltestscript2Test@6b419da]" name="opentheapplication" is-config="true" duration-ms="19296" started-at="2022-09-20T13:36:20Z" finished-at="2022-09-20T13:36:39Z">
          <reporter-output>
          </reporter-output>
        </test-method> <!-- opentheapplication -->
        <test-method status="FAIL" signature="methodsetup()[pri:0, instance:zoomanagementtestng.Zoonormaltestscript2Test@6b419da]" name="methodsetup" is-config="true" duration-ms="0" started-at="2022-09-20T13:36:39Z" finished-at="2022-09-20T13:36:39Z">
          <exception class="org.openqa.selenium.ElementClickInterceptedException">
            <message>
              <![CDATA[Element <button id="form_submit" name="login" type="submit"> is not clickable at point (674,508) because another element <div id="preloader"> obscures it
Build info: version: '4.4.0', revision: 'e5c75ed026a'
System info: host: 'DESKTOP-C0O15PC', ip: '192.168.0.200', os.name: 'Windows 10', os.arch: 'amd64', os.version: '10.0', java.version: '1.8.0_202'
Driver info: org.openqa.selenium.firefox.FirefoxDriver
Command: [a4806480-e19a-40c6-bff4-2409fd2f93af, clickElement {id=84f20196-f5be-4319-999c-fe5346248e3d}]
Capabilities {acceptInsecureCerts: true, browserName: firefox, browserVersion: 104.0.2, moz:accessibilityChecks: false, moz:buildID: 20220902153754, moz:debuggerAddress: localhost:55597, moz:geckodriverVersion: 0.31.0, moz:headless: false, moz:platformVersion: 10.0, moz:processID: 16040, moz:profile: C:\Users\Admin\AppData\Loca..., moz:shutdownTimeout: 60000, moz:useNonSpecCompliantPointerOrigin: false, moz:webdriverClick: true, moz:windowless: false, pageLoadStrategy: normal, platformName: WINDOWS, proxy: Proxy(), se:cdp: ws://localhost:55597/devtoo..., se:cdpVersion: 85.0, setWindowRect: true, strictFileInteractability: false, timeouts: {implicit: 0, pageLoad: 300000, script: 30000}, unhandledPromptBehavior: dismiss and notify}
Element: [[FirefoxDriver: firefox on WINDOWS (a4806480-e19a-40c6-bff4-2409fd2f93af)] -> id: form_submit]
Session ID: a4806480-e19a-40c6-bff4-2409fd2f93af]]>
            </message>
            <full-stacktrace>
              <![CDATA[org.openqa.selenium.ElementClickInterceptedException: Element <button id="form_submit" name="login" type="submit"> is not clickable at point (674,508) because another element <div id="preloader"> obscures it
Build info: version: '4.4.0', revision: 'e5c75ed026a'
System info: host: 'DESKTOP-C0O15PC', ip: '192.168.0.200', os.name: 'Windows 10', os.arch: 'amd64', os.version: '10.0', java.version: '1.8.0_202'
Driver info: org.openqa.selenium.firefox.FirefoxDriver
Command: [a4806480-e19a-40c6-bff4-2409fd2f93af, clickElement {id=84f20196-f5be-4319-999c-fe5346248e3d}]
Capabilities {acceptInsecureCerts: true, browserName: firefox, browserVersion: 104.0.2, moz:accessibilityChecks: false, moz:buildID: 20220902153754, moz:debuggerAddress: localhost:55597, moz:geckodriverVersion: 0.31.0, moz:headless: false, moz:platformVersion: 10.0, moz:processID: 16040, moz:profile: C:\Users\Admin\AppData\Loca..., moz:shutdownTimeout: 60000, moz:useNonSpecCompliantPointerOrigin: false, moz:webdriverClick: true, moz:windowless: false, pageLoadStrategy: normal, platformName: WINDOWS, proxy: Proxy(), se:cdp: ws://localhost:55597/devtoo..., se:cdpVersion: 85.0, setWindowRect: true, strictFileInteractability: false, timeouts: {implicit: 0, pageLoad: 300000, script: 30000}, unhandledPromptBehavior: dismiss and notify}
Element: [[FirefoxDriver: firefox on WINDOWS (a4806480-e19a-40c6-bff4-2409fd2f93af)] -> id: form_submit]
Session ID: a4806480-e19a-40c6-bff4-2409fd2f93af
	at sun.reflect.NativeConstructorAccessorImpl.newInstance0(Native Method)
	at sun.reflect.NativeConstructorAccessorImpl.newInstance(NativeConstructorAccessorImpl.java:62)
	at sun.reflect.DelegatingConstructorAccessorImpl.newInstance(DelegatingConstructorAccessorImpl.java:45)
	at java.lang.reflect.Constructor.newInstance(Constructor.java:423)
	at org.openqa.selenium.remote.codec.w3c.W3CHttpResponseCodec.createException(W3CHttpResponseCodec.java:200)
	at org.openqa.selenium.remote.codec.w3c.W3CHttpResponseCodec.decode(W3CHttpResponseCodec.java:133)
	at org.openqa.selenium.remote.codec.w3c.W3CHttpResponseCodec.decode(W3CHttpResponseCodec.java:53)
	at org.openqa.selenium.remote.HttpCommandExecutor.execute(HttpCommandExecutor.java:184)
	at org.openqa.selenium.remote.service.DriverCommandExecutor.invokeExecute(DriverCommandExecutor.java:167)
	at org.openqa.selenium.remote.service.DriverCommandExecutor.execute(DriverCommandExecutor.java:142)
	at org.openqa.selenium.remote.RemoteWebDriver.execute(RemoteWebDriver.java:547)
	at org.openqa.selenium.remote.RemoteWebElement.execute(RemoteWebElement.java:257)
	at org.openqa.selenium.remote.RemoteWebElement.click(RemoteWebElement.java:78)
	at sun.reflect.NativeMethodAccessorImpl.invoke0(Native Method)
	at sun.reflect.NativeMethodAccessorImpl.invoke(NativeMethodAccessorImpl.java:62)
	at sun.reflect.DelegatingMethodAccessorImpl.invoke(DelegatingMethodAccessorImpl.java:43)
	at java.lang.reflect.Method.invoke(Method.java:498)
	at org.openqa.selenium.support.pagefactory.internal.LocatingElementHandler.invoke(LocatingElementHandler.java:52)
	at com.sun.proxy.$Proxy15.click(Unknown Source)
	at org.zoomanagementgeneric.loginpage.loginaction(loginpage.java:24)
	at genericutility.BaseTestclass.methodsetup(BaseTestclass.java:75)
	at sun.reflect.NativeMethodAccessorImpl.invoke0(Native Method)
	at sun.reflect.NativeMethodAccessorImpl.invoke(NativeMethodAccessorImpl.java:62)
	at sun.reflect.DelegatingMethodAccessorImpl.invoke(DelegatingMethodAccessorImpl.java:43)
	at java.lang.reflect.Method.invoke(Method.java:498)
	at org.testng.internal.MethodInvocationHelper.invokeMethod(MethodInvocationHelper.java:85)
	at org.testng.internal.Invoker.invokeConfigurationMethod(Invoker.java:510)
	at org.testng.internal.Invoker.invokeConfigurations(Invoker.java:211)
	at org.testng.internal.Invoker.invokeMethod(Invoker.java:585)
	at org.testng.internal.Invoker.invokeTestMethod(Invoker.java:816)
	at org.testng.internal.Invoker.invokeTestMethods(Invoker.java:1124)
	at org.testng.internal.TestMethodWorker.invokeTestMethods(TestMethodWorker.java:125)
	at org.testng.internal.TestMethodWorker.run(TestMethodWorker.java:108)
	at org.testng.TestRunner.privateRun(TestRunner.java:774)
	at org.testng.TestRunner.run(TestRunner.java:624)
	at org.testng.SuiteRunner.runTest(SuiteRunner.java:359)
	at org.testng.SuiteRunner.runSequentially(SuiteRunner.java:354)
	at org.testng.SuiteRunner.privateRun(SuiteRunner.java:312)
	at org.testng.SuiteRunner.run(SuiteRunner.java:261)
	at org.testng.SuiteRunnerWorker.runSuite(SuiteRunnerWorker.java:52)
	at org.testng.SuiteRunnerWorker.run(SuiteRunnerWorker.java:86)
	at org.testng.TestNG.runSuitesSequentially(TestNG.java:1191)
	at org.testng.TestNG.runSuitesLocally(TestNG.java:1116)
	at org.testng.TestNG.run(TestNG.java:1024)
	at org.apache.maven.surefire.testng.TestNGExecutor.run(TestNGExecutor.java:324)
	at org.apache.maven.surefire.testng.TestNGXmlTestSuite.execute(TestNGXmlTestSuite.java:74)
	at org.apache.maven.surefire.testng.TestNGProvider.invoke(TestNGProvider.java:123)
	at org.apache.maven.surefire.booter.ForkedBooter.runSuitesInProcess(ForkedBooter.java:456)
	at org.apache.maven.surefire.booter.ForkedBooter.execute(ForkedBooter.java:169)
	at org.apache.maven.surefire.booter.ForkedBooter.run(ForkedBooter.java:595)
	at org.apache.maven.surefire.booter.ForkedBooter.main(ForkedBooter.java:581)
]]>
            </full-stacktrace>
          </exception> <!-- org.openqa.selenium.ElementClickInterceptedException -->
          <reporter-output>
          </reporter-output>
        </test-method> <!-- methodsetup -->
        <test-method status="SKIP" signature="addDetails()[pri:0, instance:zoomanagementtestng.Zoonormaltestscript2Test@6b419da]" name="addDetails" duration-ms="3" started-at="2022-09-20T13:36:40Z" finished-at="2022-09-20T13:36:40Z">
          <reporter-output>
          </reporter-output>
        </test-method> <!-- addDetails -->
        <test-method status="SKIP" signature="methodteardown()[pri:0, instance:zoomanagementtestng.Zoonormaltestscript2Test@6b419da]" name="methodteardown" is-config="true" duration-ms="0" started-at="2022-09-20T13:36:40Z" finished-at="2022-09-20T13:36:40Z">
          <reporter-output>
          </reporter-output>
        </test-method> <!-- methodteardown -->
        <test-method status="SKIP" signature="classclose()[pri:0, instance:zoomanagementtestng.Zoonormaltestscript2Test@6b419da]" name="classclose" is-config="true" duration-ms="0" started-at="2022-09-20T13:36:40Z" finished-at="2022-09-20T13:36:40Z">
          <reporter-output>
          </reporter-output>
        </test-method> <!-- classclose -->
      </class> <!-- zoomanagementtestng.Zoonormaltestscript2Test -->
    </test> <!-- Test -->
  </suite> <!-- Suite -->
</testng-results>
